#
# A fatal error has been detected by the Java Runtime Environment:
#
#  EXCEPTION_ACCESS_VIOLATION (0xc0000005) at pc=0x000002670697926f, pid=8744, tid=0x0000000000003d94
#
# JRE version: Java(TM) SE Runtime Environment (8.0_271-b09) (build 1.8.0_271-b09)
# Java VM: Java HotSpot(TM) 64-Bit Server VM (25.271-b09 mixed mode windows-amd64 compressed oops)
# Problematic frame:
# v  ~BufferBlob::vtable chunks
#
# Failed to write core dump. Minidumps are not enabled by default on client versions of Windows
#
# If you would like to submit a bug report, please visit:
#   http://bugreport.java.com/bugreport/crash.jsp
#

---------------  T H R E A D  ---------------

Current thread (0x000002671e174800):  JavaThread "WorkerExecutor Queue" [_thread_in_Java, id=15764, stack(0x0000008627c00000,0x0000008627d00000)]

siginfo: ExceptionCode=0xc0000005, reading address 0x0000000102ff10d8

Registers:
RAX=0x0000000102ff0ed8, RBX=0x0000000000000001, RCX=0x0000026727c1db08, RDX=0x00000000ea848528
RSP=0x0000008627cfd6e8, RBP=0x00000000ea848528, RSI=0x00000000ea848528, RDI=0x0000000000000001
R8 =0x00000000ea848588, R9 =0x0000000000000001, R10=0x00000000ea8485e8, R11=0x0000000000000001
R12=0x0000000000000000, R13=0x00000267151c0000, R14=0x00000000ec50a8c0, R15=0x000002671e174800
RIP=0x000002670697926f, EFLAGS=0x0000000000010206

Top of Stack: (sp=0x0000008627cfd6e8)
0x0000008627cfd6e8:   00000267091bfb68 00000000ea848588
0x0000008627cfd6f8:   00000267aa87e055 00000000aa4d4966
0x0000008627cfd708:   000002670ae4f6fc 00000000f8956838
0x0000008627cfd718:   000002670875cf6c 00000000ee35ad30
0x0000008627cfd728:   0000000000000001 0000000200000001
0x0000008627cfd738:   00000000ee35ad60 00000000b25809a5
0x0000008627cfd748:   0000000000000002 00000000aa4d4966
0x0000008627cfd758:   000002670ae5d3f4 00000267151c0000
0x0000008627cfd768:   0000000000000000 00000000f8956828
0x0000008627cfd778:   0000026709bcc2d4 00000000ee35ad48
0x0000008627cfd788:   0000026707f0af90 0000000000000000
0x0000008627cfd798:   0000026706a169b4 00000000aa4d4966
0x0000008627cfd7a8:   0000026706f785f8 00000000ea848528
0x0000008627cfd7b8:   0000000100000000 00000000ea848540
0x0000008627cfd7c8:   0000000100000002 00000000f8956838
0x0000008627cfd7d8:   0000026706733cec 00000000ecf57e70 

Instructions: (pc=0x000002670697926f)
0x000002670697924f:   00 00 00 00 00 00 00 00 00 00 00 00 00 00 00 00
0x000002670697925f:   00 09 00 0e 00 00 00 01 00 8b 42 08 48 c1 e0 03
0x000002670697926f:   48 8b 98 00 02 00 00 ff 63 40 00 00 00 00 00 00
0x000002670697927f:   00 00 00 00 00 00 00 00 00 00 00 00 00 00 00 00 


Register to memory mapping:

RAX=0x0000000102ff0ed8 is an unknown value
RBX=0x0000000000000001 is an unknown value
RCX={method} {0x0000026727c1db10} 'hashCode' '()I' in 'com/android/tools/r8/graph/t0$w'
RDX=
[error occurred during error reporting (printing register info), id 0xc0000005]

Stack: [0x0000008627c00000,0x0000008627d00000],  sp=0x0000008627cfd6e8,  free space=1013k
Native frames: (J=compiled Java code, j=interpreted, Vv=VM code, C=native code)
C  0x000002670697926f


---------------  P R O C E S S  ---------------

Java Threads: ( => current thread )
  0x0000026722807800 JavaThread "ForkJoinPool-1-worker-0" daemon [_thread_blocked, id=11232, stack(0x000000861f900000,0x000000861fa00000)]
  0x0000026722807000 JavaThread "ForkJoinPool-1-worker-3" daemon [_thread_blocked, id=14984, stack(0x000000861f800000,0x000000861f900000)]
  0x000002672280a000 JavaThread "ForkJoinPool-1-worker-2" daemon [_thread_blocked, id=9628, stack(0x000000861f700000,0x000000861f800000)]
  0x00000267227fc800 JavaThread "ForkJoinPool-1-worker-1" daemon [_thread_blocked, id=17248, stack(0x000000861f600000,0x000000861f700000)]
  0x0000026722803000 JavaThread "Exec process Thread 3" [_thread_blocked, id=9432, stack(0x000000861f500000,0x000000861f600000)]
  0x0000026722802800 JavaThread "Exec process Thread 2" [_thread_blocked, id=10068, stack(0x000000861f400000,0x000000861f500000)]
  0x00000267227fb000 JavaThread "Exec process" [_thread_blocked, id=14220, stack(0x000000861f300000,0x000000861f400000)]
  0x0000026722801800 JavaThread "RMI TCP Connection(2)-127.0.0.1" daemon [_thread_in_native, id=13400, stack(0x0000008628b00000,0x0000008628c00000)]
  0x0000026722801000 JavaThread "RMI Reaper" [_thread_blocked, id=13760, stack(0x0000008628a00000,0x0000008628b00000)]
  0x00000267227fb800 JavaThread "RMI TCP Accept-0" daemon [_thread_in_native, id=6040, stack(0x0000008628900000,0x0000008628a00000)]
  0x0000026722800000 JavaThread "GC Daemon" daemon [_thread_blocked, id=6536, stack(0x0000008628800000,0x0000008628900000)]
  0x00000267227ff800 JavaThread "RMI Scheduler(0)" daemon [_thread_blocked, id=12936, stack(0x0000008628600000,0x0000008628700000)]
  0x000002671e17c000 JavaThread "stdout" [_thread_in_native, id=892, stack(0x0000008628500000,0x0000008628600000)]
  0x000002671e17a800 JavaThread "stderr" [_thread_in_native, id=10692, stack(0x0000008628400000,0x0000008628500000)]
  0x000002671e179000 JavaThread "pool-7-thread-1" [_thread_blocked, id=13512, stack(0x0000008628300000,0x0000008628400000)]
  0x000002671e17c800 JavaThread "Cache worker for Java compile cache (H:\React-expo\realmApp\android\.gradle\6.9\javaCompile)" [_thread_blocked, id=2024, stack(0x0000008628200000,0x0000008628300000)]
  0x000002671e173800 JavaThread "Cache worker for Java compile cache (C:\Users\Satyajeet\.gradle\caches\6.9\javaCompile)" [_thread_blocked, id=14800, stack(0x0000008627d00000,0x0000008627e00000)]
  0x000002671e176800 JavaThread "WorkerExecutor Queue Thread 5" [_thread_blocked, id=9440, stack(0x0000008628100000,0x0000008628200000)]
  0x000002671e179800 JavaThread "WorkerExecutor Queue Thread 4" [_thread_in_native, id=15816, stack(0x0000008627f00000,0x0000008628000000)]
  0x000002671e178000 JavaThread "WorkerExecutor Queue Thread 3" [_thread_blocked, id=6252, stack(0x0000008627e00000,0x0000008627f00000)]
=>0x000002671e174800 JavaThread "WorkerExecutor Queue" [_thread_in_Java, id=15764, stack(0x0000008627c00000,0x0000008627d00000)]
  0x000002671e177800 JavaThread "Cache worker for execution history cache (H:\React-expo\realmApp\android\.gradle\6.9\executionHistory)" [_thread_blocked, id=11896, stack(0x0000008627b00000,0x0000008627c00000)]
  0x000002671e16e800 JavaThread "Execution worker for ':' Thread 3" [_thread_blocked, id=16668, stack(0x0000008627a00000,0x0000008627b00000)]
  0x000002671e16f000 JavaThread "Execution worker for ':' Thread 2" [_thread_in_Java, id=15608, stack(0x0000008627900000,0x0000008627a00000)]
  0x000002671e172000 JavaThread "Execution worker for ':'" [_thread_in_Java, id=5432, stack(0x0000008627800000,0x0000008627900000)]
  0x000002671e175000 JavaThread "build event listener" [_thread_blocked, id=12488, stack(0x0000008627700000,0x0000008627800000)]
  0x000002671cae9000 JavaThread "Build operations Thread 4" [_thread_blocked, id=15104, stack(0x000000861f200000,0x000000861f300000)]
  0x000002671cae6000 JavaThread "Build operations Thread 3" [_thread_blocked, id=16068, stack(0x000000861f000000,0x000000861f100000)]
  0x000002671caea800 JavaThread "Build operations Thread 2" [_thread_blocked, id=6408, stack(0x000000861ee00000,0x000000861ef00000)]
  0x000002671cae8000 JavaThread "Build operations" [_thread_blocked, id=7884, stack(0x000000861ed00000,0x000000861ee00000)]
  0x000002671caeb000 JavaThread "Cache worker for Build Output Cleanup Cache (H:\React-expo\realmApp\android\.gradle\buildOutputCleanup)" [_thread_blocked, id=10156, stack(0x000000861ec00000,0x000000861ed00000)]
  0x000002671cadd800 JavaThread "Cache worker for cache directory md-rule (C:\Users\Satyajeet\.gradle\caches\6.9\md-rule)" [_thread_blocked, id=17092, stack(0x000000861eb00000,0x000000861ec00000)]
  0x000002671cae4800 JavaThread "Cache worker for cache directory md-supplier (C:\Users\Satyajeet\.gradle\caches\6.9\md-supplier)" [_thread_blocked, id=8404, stack(0x000000861e700000,0x000000861e800000)]
  0x000002671cae0000 JavaThread "Cache worker for checksums cache (H:\React-expo\realmApp\android\.gradle\checksums)" [_thread_blocked, id=15572, stack(0x000000861e600000,0x000000861e700000)]
  0x000002671cadd000 JavaThread "Cache worker for file hash cache (H:\React-expo\realmApp\android\.gradle\6.9\fileHashes)" [_thread_blocked, id=11676, stack(0x000000861e500000,0x000000861e600000)]
  0x000002671cadf000 JavaThread "Daemon client event forwarder" [_thread_blocked, id=5648, stack(0x000000861e400000,0x000000861e500000)]
  0x000002671cade800 JavaThread "Stdin handler" [_thread_blocked, id=228, stack(0x000000861e300000,0x000000861e400000)]
  0x000002671cae3000 JavaThread "Asynchronous log dispatcher for DefaultDaemonConnection: socket connection from /127.0.0.1:57860 to /127.0.0.1:55108" [_thread_blocked, id=12784, stack(0x000000861e200000,0x000000861e300000)]
  0x000002671cae1800 JavaThread "Daemon worker Thread 2" [_thread_blocked, id=13176, stack(0x000000861e100000,0x000000861e200000)]
  0x000002671cae3800 JavaThread "Cancel handler" [_thread_blocked, id=11672, stack(0x000000861ce00000,0x000000861cf00000)]
  0x000002671cae2000 JavaThread "Handler for socket connection from /127.0.0.1:57860 to /127.0.0.1:55108" [_thread_in_native, id=14228, stack(0x000000861cd00000,0x000000861ce00000)]
  0x000002671cadc000 JavaThread "Daemon Thread 2" [_thread_blocked, id=17308, stack(0x000000861cc00000,0x000000861cd00000)]
  0x000002671bc8d800 JavaThread "Memory manager" [_thread_blocked, id=9376, stack(0x0000008625800000,0x0000008625900000)]
  0x000002671cae0800 JavaThread "Cache worker for file content cache (C:\Users\Satyajeet\.gradle\caches\6.9\fileContent)" [_thread_blocked, id=7780, stack(0x000000861f100000,0x000000861f200000)]
  0x000002671b08f800 JavaThread "Cache worker for execution history cache (C:\Users\Satyajeet\.gradle\caches\6.9\executionHistory)" [_thread_blocked, id=14384, stack(0x000000861ef00000,0x000000861f000000)]
  0x000002671b08f000 JavaThread "Cache worker for journal cache (C:\Users\Satyajeet\.gradle\caches\journal-1)" [_thread_blocked, id=8316, stack(0x000000861ea00000,0x000000861eb00000)]
  0x000002671b08c000 JavaThread "File lock request listener" [_thread_in_native, id=8824, stack(0x000000861e900000,0x000000861ea00000)]
  0x000002671b092000 JavaThread "Cache worker for file hash cache (C:\Users\Satyajeet\.gradle\caches\6.9\fileHashes)" [_thread_blocked, id=6076, stack(0x000000861e800000,0x000000861e900000)]
  0x0000026717c5e800 JavaThread "Daemon periodic checks" [_thread_blocked, id=3136, stack(0x000000861e000000,0x000000861e100000)]
  0x000002671903d800 JavaThread "Incoming local TCP Connector on port 57860" [_thread_in_native, id=10096, stack(0x000000861df00000,0x000000861e000000)]
  0x0000026719e26800 JavaThread "Daemon health stats" [_thread_blocked, id=12224, stack(0x000000861de00000,0x000000861df00000)]
  0x0000026717c62000 JavaThread "Service Thread" daemon [_thread_blocked, id=13700, stack(0x000000861dc00000,0x000000861dd00000)]
  0x0000026717bea800 JavaThread "C1 CompilerThread2" daemon [_thread_blocked, id=14412, stack(0x000000861db00000,0x000000861dc00000)]
  0x0000026717be3800 JavaThread "C2 CompilerThread1" daemon [_thread_in_native, id=2992, stack(0x000000861da00000,0x000000861db00000)]
  0x0000026717bdd000 JavaThread "C2 CompilerThread0" daemon [_thread_in_native, id=14844, stack(0x000000861d900000,0x000000861da00000)]
  0x0000026717bdb000 JavaThread "Attach Listener" daemon [_thread_blocked, id=6320, stack(0x000000861d800000,0x000000861d900000)]
  0x0000026717bd9800 JavaThread "Signal Dispatcher" daemon [_thread_blocked, id=13212, stack(0x000000861d700000,0x000000861d800000)]
  0x0000026717bbc000 JavaThread "Finalizer" daemon [_thread_blocked, id=6688, stack(0x000000861d600000,0x000000861d700000)]
  0x0000026717476000 JavaThread "Reference Handler" daemon [_thread_blocked, id=15260, stack(0x000000861d500000,0x000000861d600000)]
  0x0000026704aef000 JavaThread "main" [_thread_blocked, id=15340, stack(0x000000861cf00000,0x000000861d000000)]

Other Threads:
  0x0000026717b91800 VMThread [stack: 0x000000861d400000,0x000000861d500000] [id=11280]
  0x0000026717c67000 WatcherThread [stack: 0x000000861dd00000,0x000000861de00000] [id=7792]

VM state:not at safepoint (normal execution)

VM Mutex/Monitor currently owned by a thread: None

heap address: 0x00000000e0000000, size: 512 MB, Compressed Oops mode: 32-bit
Narrow klass base: 0x0000000000000000, Narrow klass shift: 3
Compressed class space size: 1073741824 Address: 0x0000000100000000

Heap:
 PSYoungGen      total 120320K, used 81491K [0x00000000f5580000, 0x00000000ffc00000, 0x0000000100000000)
  eden space 75264K, 93% used [0x00000000f5580000,0x00000000f9a7f1d0,0x00000000f9f00000)
  from space 45056K, 24% used [0x00000000fd000000,0x00000000fda95ce8,0x00000000ffc00000)
  to   space 47616K, 0% used [0x00000000f9f00000,0x00000000f9f00000,0x00000000fcd80000)
 ParOldGen       total 349696K, used 232844K [0x00000000e0000000, 0x00000000f5580000, 0x00000000f5580000)
  object space 349696K, 66% used [0x00000000e0000000,0x00000000ee363130,0x00000000f5580000)
 Metaspace       used 127887K, capacity 135170K, committed 135256K, reserved 1167360K
  class space    used 16559K, capacity 17979K, committed 18048K, reserved 1048576K

Card table byte_map: [0x00000267158c0000,0x00000267159d0000] byte_map_base: 0x00000267151c0000

Marking Bits: (ParMarkBitMap*) 0x000000006e917fe0
 Begin Bits: [0x0000026715a80000, 0x0000026716280000)
 End Bits:   [0x0000026716280000, 0x0000026716a80000)

Polling page: 0x0000026704cf0000

CodeCache: size=245760Kb used=80180Kb max_used=80180Kb free=165579Kb
 bounds [0x0000026706500000, 0x000002670b3b0000, 0x0000026715500000]
 total_blobs=23129 nmethods=22139 adapters=899
 compilation: enabled

Compilation events (10 events):
Event: 524.502 Thread 0x0000026717bea800 nmethod 27224 0x000002670b388110 code [0x000002670b388260, 0x000002670b388418]
Event: 524.503 Thread 0x0000026717bea800 27225       2       com.android.tools.r8.ir.optimize.w0.a::a (4 bytes)
Event: 524.504 Thread 0x0000026717bea800 nmethod 27225 0x000002670b387e10 code [0x000002670b387f60, 0x000002670b388098]
Event: 524.504 Thread 0x0000026717bea800 27227       2       com.android.tools.r8.ir.conversion.T::a (378 bytes)
Event: 524.506 Thread 0x0000026717bea800 nmethod 27227 0x000002670b38c050 code [0x000002670b38c460, 0x000002670b38d690]
Event: 524.506 Thread 0x0000026717bea800 27226       2       com.android.tools.r8.ir.optimize.k::m (278 bytes)
Event: 524.520 Thread 0x0000026717bea800 nmethod 27226 0x000002670b390c90 code [0x000002670b390f60, 0x000002670b391cc0]
Event: 524.520 Thread 0x0000026717bea800 27237       2       com.android.tools.r8.graph.l0::s (105 bytes)
Event: 524.520 Thread 0x0000026717be3800 nmethod 27201 0x000002670b392d50 code [0x000002670b392fc0, 0x000002670b394738]
Event: 524.520 Thread 0x0000026717be3800 27145       4       com.android.tools.r8.ir.conversion.o::a (270 bytes)

GC Heap History (10 events):
Event: 520.931 GC heap before
{Heap before GC invocations=48 (full 4):
 PSYoungGen      total 146432K, used 131141K [0x00000000f5580000, 0x00000000fff00000, 0x0000000100000000)
  eden space 121856K, 100% used [0x00000000f5580000,0x00000000fcc80000,0x00000000fcc80000)
  from space 24576K, 37% used [0x00000000fcc80000,0x00000000fd591458,0x00000000fe480000)
  to   space 23552K, 0% used [0x00000000fe800000,0x00000000fe800000,0x00000000fff00000)
 ParOldGen       total 349696K, used 120896K [0x00000000e0000000, 0x00000000f5580000, 0x00000000f5580000)
  object space 349696K, 34% used [0x00000000e0000000,0x00000000e7610028,0x00000000f5580000)
 Metaspace       used 126237K, capacity 133304K, committed 133592K, reserved 1165312K
  class space    used 16422K, capacity 17838K, committed 17920K, reserved 1048576K
Event: 520.982 GC heap after
Heap after GC invocations=48 (full 4):
 PSYoungGen      total 123392K, used 23527K [0x00000000f5580000, 0x0000000100000000, 0x0000000100000000)
  eden space 99840K, 0% used [0x00000000f5580000,0x00000000f5580000,0x00000000fb700000)
  from space 23552K, 99% used [0x00000000fe800000,0x00000000ffef9f10,0x00000000fff00000)
  to   space 37376K, 0% used [0x00000000fb700000,0x00000000fb700000,0x00000000fdb80000)
 ParOldGen       total 349696K, used 149564K [0x00000000e0000000, 0x00000000f5580000, 0x00000000f5580000)
  object space 349696K, 42% used [0x00000000e0000000,0x00000000e920f190,0x00000000f5580000)
 Metaspace       used 126237K, capacity 133304K, committed 133592K, reserved 1165312K
  class space    used 16422K, capacity 17838K, committed 17920K, reserved 1048576K
}
Event: 521.841 GC heap before
{Heap before GC invocations=49 (full 4):
 PSYoungGen      total 123392K, used 123367K [0x00000000f5580000, 0x0000000100000000, 0x0000000100000000)
  eden space 99840K, 100% used [0x00000000f5580000,0x00000000fb700000,0x00000000fb700000)
  from space 23552K, 99% used [0x00000000fe800000,0x00000000ffef9f10,0x00000000fff00000)
  to   space 37376K, 0% used [0x00000000fb700000,0x00000000fb700000,0x00000000fdb80000)
 ParOldGen       total 349696K, used 149564K [0x00000000e0000000, 0x00000000f5580000, 0x00000000f5580000)
  object space 349696K, 42% used [0x00000000e0000000,0x00000000e920f190,0x00000000f5580000)
 Metaspace       used 126992K, capacity 134144K, committed 134488K, reserved 1165312K
  class space    used 16512K, capacity 17922K, committed 18048K, reserved 1048576K
Event: 521.962 GC heap after
Heap after GC invocations=49 (full 4):
 PSYoungGen      total 137216K, used 37344K [0x00000000f5580000, 0x0000000100000000, 0x0000000100000000)
  eden space 99840K, 0% used [0x00000000f5580000,0x00000000f5580000,0x00000000fb700000)
  from space 37376K, 99% used [0x00000000fb700000,0x00000000fdb781c8,0x00000000fdb80000)
  to   space 37376K, 0% used [0x00000000fdb80000,0x00000000fdb80000,0x0000000100000000)
 ParOldGen       total 349696K, used 171060K [0x00000000e0000000, 0x00000000f5580000, 0x00000000f5580000)
  object space 349696K, 48% used [0x00000000e0000000,0x00000000ea70d308,0x00000000f5580000)
 Metaspace       used 126992K, capacity 134144K, committed 134488K, reserved 1165312K
  class space    used 16512K, capacity 17922K, committed 18048K, reserved 1048576K
}
Event: 522.860 GC heap before
{Heap before GC invocations=50 (full 4):
 PSYoungGen      total 137216K, used 137184K [0x00000000f5580000, 0x0000000100000000, 0x0000000100000000)
  eden space 99840K, 100% used [0x00000000f5580000,0x00000000fb700000,0x00000000fb700000)
  from space 37376K, 99% used [0x00000000fb700000,0x00000000fdb781c8,0x00000000fdb80000)
  to   space 37376K, 0% used [0x00000000fdb80000,0x00000000fdb80000,0x0000000100000000)
 ParOldGen       total 349696K, used 171060K [0x00000000e0000000, 0x00000000f5580000, 0x00000000f5580000)
  object space 349696K, 48% used [0x00000000e0000000,0x00000000ea70d308,0x00000000f5580000)
 Metaspace       used 127271K, capacity 134414K, committed 134744K, reserved 1165312K
  class space    used 16531K, capacity 17937K, committed 18048K, reserved 1048576K
Event: 522.944 GC heap after
Heap after GC invocations=50 (full 4):
 PSYoungGen      total 111616K, used 23222K [0x00000000f5580000, 0x0000000100000000, 0x0000000100000000)
  eden space 74240K, 0% used [0x00000000f5580000,0x00000000f5580000,0x00000000f9e00000)
  from space 37376K, 62% used [0x00000000fdb80000,0x00000000ff22d8c0,0x0000000100000000)
  to   space 50176K, 0% used [0x00000000f9e00000,0x00000000f9e00000,0x00000000fcf00000)
 ParOldGen       total 349696K, used 207859K [0x00000000e0000000, 0x00000000f5580000, 0x00000000f5580000)
  object space 349696K, 59% used [0x00000000e0000000,0x00000000ecafcde8,0x00000000f5580000)
 Metaspace       used 127271K, capacity 134414K, committed 134744K, reserved 1165312K
  class space    used 16531K, capacity 17937K, committed 18048K, reserved 1048576K
}
Event: 523.481 GC heap before
{Heap before GC invocations=51 (full 4):
 PSYoungGen      total 111616K, used 97462K [0x00000000f5580000, 0x0000000100000000, 0x0000000100000000)
  eden space 74240K, 100% used [0x00000000f5580000,0x00000000f9e00000,0x00000000f9e00000)
  from space 37376K, 62% used [0x00000000fdb80000,0x00000000ff22d8c0,0x0000000100000000)
  to   space 50176K, 0% used [0x00000000f9e00000,0x00000000f9e00000,0x00000000fcf00000)
 ParOldGen       total 349696K, used 207859K [0x00000000e0000000, 0x00000000f5580000, 0x00000000f5580000)
  object space 349696K, 59% used [0x00000000e0000000,0x00000000ecafcde8,0x00000000f5580000)
 Metaspace       used 127446K, capacity 134634K, committed 135000K, reserved 1167360K
  class space    used 16531K, capacity 17937K, committed 18048K, reserved 1048576K
Event: 523.511 GC heap after
Heap after GC invocations=51 (full 4):
 PSYoungGen      total 124416K, used 5992K [0x00000000f5580000, 0x0000000100000000, 0x0000000100000000)
  eden space 74240K, 0% used [0x00000000f5580000,0x00000000f5580000,0x00000000f9e00000)
  from space 50176K, 11% used [0x00000000f9e00000,0x00000000fa3da378,0x00000000fcf00000)
  to   space 49152K, 0% used [0x00000000fd000000,0x00000000fd000000,0x0000000100000000)
 ParOldGen       total 349696K, used 228437K [0x00000000e0000000, 0x00000000f5580000, 0x00000000f5580000)
  object space 349696K, 65% used [0x00000000e0000000,0x00000000edf15790,0x00000000f5580000)
 Metaspace       used 127446K, capacity 134634K, committed 135000K, reserved 1167360K
  class space    used 16531K, capacity 17937K, committed 18048K, reserved 1048576K
}
Event: 524.058 GC heap before
{Heap before GC invocations=52 (full 4):
 PSYoungGen      total 124416K, used 80232K [0x00000000f5580000, 0x0000000100000000, 0x0000000100000000)
  eden space 74240K, 100% used [0x00000000f5580000,0x00000000f9e00000,0x00000000f9e00000)
  from space 50176K, 11% used [0x00000000f9e00000,0x00000000fa3da378,0x00000000fcf00000)
  to   space 49152K, 0% used [0x00000000fd000000,0x00000000fd000000,0x0000000100000000)
 ParOldGen       total 349696K, used 228437K [0x00000000e0000000, 0x00000000f5580000, 0x00000000f5580000)
  object space 349696K, 65% used [0x00000000e0000000,0x00000000edf15790,0x00000000f5580000)
 Metaspace       used 127559K, capacity 134792K, committed 135000K, reserved 1167360K
  class space    used 16535K, capacity 17942K, committed 18048K, reserved 1048576K
Event: 524.084 GC heap after
Heap after GC invocations=52 (full 4):
 PSYoungGen      total 120320K, used 10839K [0x00000000f5580000, 0x00000000ffc00000, 0x0000000100000000)
  eden space 75264K, 0% used [0x00000000f5580000,0x00000000f5580000,0x00000000f9f00000)
  from space 45056K, 24% used [0x00000000fd000000,0x00000000fda95ce8,0x00000000ffc00000)
  to   space 47616K, 0% used [0x00000000f9f00000,0x00000000f9f00000,0x00000000fcd80000)
 ParOldGen       total 349696K, used 232844K [0x00000000e0000000, 0x00000000f5580000, 0x00000000f5580000)
  object space 349696K, 66% used [0x00000000e0000000,0x00000000ee363130,0x00000000f5580000)
 Metaspace       used 127559K, capacity 134792K, committed 135000K, reserved 1167360K
  class space    used 16535K, capacity 17942K, committed 18048K, reserved 1048576K
}

Deoptimization events (10 events):
Event: 522.814 Thread 0x000002671e174800 Uncommon trap: reason=bimorphic action=maybe_recompile pc=0x000002670ae67d68 method=java.util.Comparator.thenComparing(Ljava/util/function/Function;Ljava/util/Comparator;)Ljava/util/Comparator; @ 6
Event: 522.815 Thread 0x000002671e174800 Uncommon trap: reason=bimorphic action=maybe_recompile pc=0x000002670ae67d68 method=java.util.Comparator.thenComparing(Ljava/util/function/Function;Ljava/util/Comparator;)Ljava/util/Comparator; @ 6
Event: 523.741 Thread 0x000002671e172000 Uncommon trap: reason=unstable_if action=reinterpret pc=0x0000026709efa37c method=java.lang.Long.numberOfTrailingZeros(J)I @ 3
Event: 524.039 Thread 0x000002671e172000 Uncommon trap: reason=unstable_if action=reinterpret pc=0x0000026707fc9974 method=com.android.tools.r8.C.a.a.f.a(II[C)Ljava/lang/String; @ 32
Event: 524.039 Thread 0x000002671e172000 Uncommon trap: reason=unstable_if action=reinterpret pc=0x0000026709b9850c method=com.android.tools.r8.graph.q0.a(C)I @ 7
Event: 524.039 Thread 0x000002671e172000 Uncommon trap: reason=unstable_if action=reinterpret pc=0x00000267068444c4 method=com.android.tools.r8.graph.q0.a(C[BI)I @ 7
Event: 524.041 Thread 0x000002671e172000 Uncommon trap: reason=bimorphic action=maybe_recompile pc=0x000002670abe0038 method=com.android.tools.r8.s.a.a.b.T.iterator()Ljava/util/Iterator; @ 1
Event: 524.085 Thread 0x000002671e172000 Uncommon trap: reason=unstable_if action=reinterpret pc=0x00000267099d92c4 method=com.android.tools.r8.C.a.a.f.a(II[C)Ljava/lang/String; @ 32
Event: 524.085 Thread 0x000002671e172000 Uncommon trap: reason=unstable_if action=reinterpret pc=0x000002670afac660 method=com.android.tools.r8.graph.q0.a(C)I @ 1
Event: 524.393 Thread 0x000002671e16f000 Uncommon trap: reason=unstable_if action=reinterpret pc=0x000002670784bf14 method=java.io.ObjectOutputStream$BlockDataOutputStream.write([BIIZ)V @ 9

Classes redefined (0 events):
No events

Internal exceptions (10 events):
Event: 523.745 Thread 0x000002671e172000 Exception <a 'sun/nio/fs/WindowsException'> (0x00000000f79160a8) thrown at [C:\jenkins\workspace\8-2-build-windows-amd64-cygwin\jdk8u271\605\hotspot\src\share\vm\prims\jni.cpp, line 710]
Event: 523.777 Thread 0x000002671e172000 Exception <a 'sun/nio/fs/WindowsException'> (0x00000000f79e6d80) thrown at [C:\jenkins\workspace\8-2-build-windows-amd64-cygwin\jdk8u271\605\hotspot\src\share\vm\prims\jni.cpp, line 710]
Event: 523.778 Thread 0x000002671e172000 Exception <a 'sun/nio/fs/WindowsException'> (0x00000000f79e81f0) thrown at [C:\jenkins\workspace\8-2-build-windows-amd64-cygwin\jdk8u271\605\hotspot\src\share\vm\prims\jni.cpp, line 710]
Event: 523.785 Thread 0x000002671e178000 Exception <a 'sun/nio/fs/WindowsException'> (0x00000000f7a5d798) thrown at [C:\jenkins\workspace\8-2-build-windows-amd64-cygwin\jdk8u271\605\hotspot\src\share\vm\prims\jni.cpp, line 710]
Event: 523.785 Thread 0x000002671e178000 Exception <a 'sun/nio/fs/WindowsException'> (0x00000000f7a5de18) thrown at [C:\jenkins\workspace\8-2-build-windows-amd64-cygwin\jdk8u271\605\hotspot\src\share\vm\prims\jni.cpp, line 710]
Event: 523.785 Thread 0x000002671e178000 Exception <a 'sun/nio/fs/WindowsException'> (0x00000000f7a5e670) thrown at [C:\jenkins\workspace\8-2-build-windows-amd64-cygwin\jdk8u271\605\hotspot\src\share\vm\prims\jni.cpp, line 710]
Event: 523.785 Thread 0x000002671e178000 Exception <a 'sun/nio/fs/WindowsException'> (0x00000000f7a5f080) thrown at [C:\jenkins\workspace\8-2-build-windows-amd64-cygwin\jdk8u271\605\hotspot\src\share\vm\prims\jni.cpp, line 710]
Event: 524.009 Thread 0x000002671e172000 Exception <a 'sun/nio/fs/WindowsException'> (0x00000000f9537860) thrown at [C:\jenkins\workspace\8-2-build-windows-amd64-cygwin\jdk8u271\605\hotspot\src\share\vm\prims\jni.cpp, line 710]
Event: 524.188 Thread 0x000002671e172000 Exception <a 'sun/nio/fs/WindowsException'> (0x00000000f6b47170) thrown at [C:\jenkins\workspace\8-2-build-windows-amd64-cygwin\jdk8u271\605\hotspot\src\share\vm\prims\jni.cpp, line 710]
Event: 524.301 Thread 0x000002671e16f000 Exception <a 'sun/nio/fs/WindowsException'> (0x00000000f72b10f8) thrown at [C:\jenkins\workspace\8-2-build-windows-amd64-cygwin\jdk8u271\605\hotspot\src\share\vm\prims\jni.cpp, line 710]

Events (10 events):
Event: 524.462 loading class com/android/build/gradle/internal/dependency/ProvidedClasspathSubtractor$getFileToIds$info$1
Event: 524.462 loading class com/android/build/gradle/internal/dependency/ProvidedClasspathSubtractor$getFileToIds$info$1 done
Event: 524.463 loading class com/google/common/collect/Multimaps
Event: 524.463 loading class com/google/common/collect/Multimaps done
Event: 524.503 loading class com/google/common/collect/SortedSetMultimap
Event: 524.503 loading class com/google/common/collect/SortedSetMultimap done
Event: 524.507 loading class com/google/common/collect/Multimaps$CustomSetMultimap
Event: 524.507 loading class com/google/common/collect/Multimaps$CustomSetMultimap done
Event: 524.508 Executing VM operation: Deoptimize
Event: 524.517 Executing VM operation: Deoptimize done


Dynamic libraries:
0x00007ff64cf50000 - 0x00007ff64cf97000 	C:\Program Files\Java\jdk1.8.0_271\bin\java.exe
0x00007ffae9ce0000 - 0x00007ffae9ee7000 	C:\WINDOWS\SYSTEM32\ntdll.dll
0x00007ffae8ce0000 - 0x00007ffae8d9d000 	C:\WINDOWS\System32\KERNEL32.DLL
0x00007ffae76d0000 - 0x00007ffae7a44000 	C:\WINDOWS\System32\KERNELBASE.dll
0x00007ffae9820000 - 0x00007ffae98cc000 	C:\WINDOWS\System32\ADVAPI32.dll
0x00007ffae8bb0000 - 0x00007ffae8c53000 	C:\WINDOWS\System32\msvcrt.dll
0x00007ffae7e40000 - 0x00007ffae7edd000 	C:\WINDOWS\System32\sechost.dll
0x00007ffae7b70000 - 0x00007ffae7c91000 	C:\WINDOWS\System32\RPCRT4.dll
0x00007ffae9950000 - 0x00007ffae9afc000 	C:\WINDOWS\System32\USER32.dll
0x00007ffae72d0000 - 0x00007ffae72f6000 	C:\WINDOWS\System32\win32u.dll
0x00007ffae97f0000 - 0x00007ffae9819000 	C:\WINDOWS\System32\GDI32.dll
0x00007ffae7300000 - 0x00007ffae7412000 	C:\WINDOWS\System32\gdi32full.dll
0x00007ffae71c0000 - 0x00007ffae725d000 	C:\WINDOWS\System32\msvcp_win.dll
0x00007ffae7a50000 - 0x00007ffae7b61000 	C:\WINDOWS\System32\ucrtbase.dll
0x00007ffac98e0000 - 0x00007ffac9b85000 	C:\WINDOWS\WinSxS\amd64_microsoft.windows.common-controls_6595b64144ccf1df_6.0.22000.120_none_9d947278b86cc467\COMCTL32.dll
0x00007ffae9340000 - 0x00007ffae9371000 	C:\WINDOWS\System32\IMM32.DLL
0x00007ffad6f20000 - 0x00007ffad6f35000 	C:\Program Files\Java\jdk1.8.0_271\jre\bin\vcruntime140.dll
0x00007ffa99130000 - 0x00007ffa991cb000 	C:\Program Files\Java\jdk1.8.0_271\jre\bin\msvcp140.dll
0x000000006e120000 - 0x000000006e98f000 	C:\Program Files\Java\jdk1.8.0_271\jre\bin\server\jvm.dll
0x00007ffae9210000 - 0x00007ffae9218000 	C:\WINDOWS\System32\PSAPI.DLL
0x00007ffae0d30000 - 0x00007ffae0d39000 	C:\WINDOWS\SYSTEM32\WSOCK32.dll
0x00007ffae92b0000 - 0x00007ffae931f000 	C:\WINDOWS\System32\WS2_32.dll
0x00007ffae0a20000 - 0x00007ffae0a53000 	C:\WINDOWS\SYSTEM32\WINMM.dll
0x00007ffadc160000 - 0x00007ffadc16a000 	C:\WINDOWS\SYSTEM32\VERSION.dll
0x00007ffae63a0000 - 0x00007ffae63b8000 	C:\WINDOWS\SYSTEM32\kernel.appcore.dll
0x00007ffae29d0000 - 0x00007ffae29e0000 	C:\Program Files\Java\jdk1.8.0_271\jre\bin\verify.dll
0x00007ffab8340000 - 0x00007ffab836b000 	C:\Program Files\Java\jdk1.8.0_271\jre\bin\java.dll
0x00007ffacc290000 - 0x00007ffacc2a8000 	C:\Program Files\Java\jdk1.8.0_271\jre\bin\zip.dll
0x00007ffae7f50000 - 0x00007ffae86f9000 	C:\WINDOWS\System32\SHELL32.dll
0x00007ffae5340000 - 0x00007ffae5ba2000 	C:\WINDOWS\SYSTEM32\windows.storage.dll
0x00007ffae9380000 - 0x00007ffae96f8000 	C:\WINDOWS\System32\combase.dll
0x00007ffae51d0000 - 0x00007ffae5336000 	C:\WINDOWS\SYSTEM32\wintypes.dll
0x00007ffae7ca0000 - 0x00007ffae7d8a000 	C:\WINDOWS\System32\SHCORE.dll
0x00007ffae98d0000 - 0x00007ffae992d000 	C:\WINDOWS\System32\shlwapi.dll
0x00007ffae70f0000 - 0x00007ffae7111000 	C:\WINDOWS\SYSTEM32\profapi.dll
0x00007ffac22d0000 - 0x00007ffac22ec000 	C:\Program Files\Java\jdk1.8.0_271\jre\bin\net.dll
0x00007ffae67a0000 - 0x00007ffae6807000 	C:\WINDOWS\system32\mswsock.dll
0x00007ffa9c330000 - 0x00007ffa9c343000 	C:\Program Files\Java\jdk1.8.0_271\jre\bin\nio.dll
0x00007ffa9c230000 - 0x00007ffa9c257000 	C:\Users\Satyajeet\.gradle\native\49d0259a56938c7f99b2704e745ce422c4f750a7a20b539a32ccef96729676b1\windows-amd64\native-platform.dll
0x00007ffa98db0000 - 0x00007ffa98f41000 	C:\Users\Satyajeet\.gradle\native\12488b8bf47d2d4c9fbf2f6322a914ad602e24e48041cd04a747c6da556b65c4\windows-amd64\native-platform-file-events.dll
0x00007ffaddf30000 - 0x00007ffaddf3d000 	C:\Program Files\Java\jdk1.8.0_271\jre\bin\management.dll
0x00007ffae6a70000 - 0x00007ffae6a88000 	C:\WINDOWS\SYSTEM32\CRYPTSP.dll
0x00007ffae6300000 - 0x00007ffae6335000 	C:\WINDOWS\system32\rsaenh.dll
0x00007ffae6840000 - 0x00007ffae6869000 	C:\WINDOWS\SYSTEM32\USERENV.dll
0x00007ffae6bb0000 - 0x00007ffae6bd7000 	C:\WINDOWS\SYSTEM32\bcrypt.dll
0x00007ffae7420000 - 0x00007ffae74a0000 	C:\WINDOWS\System32\bcryptprimitives.dll
0x00007ffae6990000 - 0x00007ffae699c000 	C:\WINDOWS\SYSTEM32\CRYPTBASE.dll
0x00007ffae5e60000 - 0x00007ffae5e8d000 	C:\WINDOWS\SYSTEM32\IPHLPAPI.DLL
0x00007ffae8760000 - 0x00007ffae8769000 	C:\WINDOWS\System32\NSI.dll
0x00007ffadf040000 - 0x00007ffadf059000 	C:\WINDOWS\SYSTEM32\dhcpcsvc6.DLL
0x00007ffae0a60000 - 0x00007ffae0a7e000 	C:\WINDOWS\SYSTEM32\dhcpcsvc.DLL
0x00007ffae5e90000 - 0x00007ffae5f77000 	C:\WINDOWS\SYSTEM32\DNSAPI.dll
0x00007ffa9b960000 - 0x00007ffa9b984000 	C:\Program Files\Java\jdk1.8.0_271\jre\bin\sunec.dll
0x00007ffad7f70000 - 0x00007ffad7f7a000 	C:\Windows\System32\rasadhlp.dll
0x00007ffadcad0000 - 0x00007ffadcb51000 	C:\WINDOWS\System32\fwpuclnt.dll
0x00007ffae3400000 - 0x00007ffae340d000 	C:\Program Files\Java\jdk1.8.0_271\jre\bin\sunmscapi.dll
0x00007ffae7560000 - 0x00007ffae76c2000 	C:\WINDOWS\System32\CRYPT32.dll
0x00007ffae6b80000 - 0x00007ffae6ba8000 	C:\WINDOWS\SYSTEM32\ncrypt.dll
0x00007ffae6b40000 - 0x00007ffae6b77000 	C:\WINDOWS\SYSTEM32\NTASN1.dll
0x00007ffae46d0000 - 0x00007ffae4704000 	C:\WINDOWS\SYSTEM32\ntmarta.dll
0x00007ffacc2d0000 - 0x00007ffacc2ee000 	C:\Users\Satyajeet\AppData\Local\Temp\native-platform7019529372864633560dir\native-platform.dll
0x00007ffae4e30000 - 0x00007ffae5051000 	C:\WINDOWS\SYSTEM32\dbghelp.dll

VM Arguments:
jvm_args: -XX:MaxMetaspaceSize=256m -XX:+HeapDumpOnOutOfMemoryError -Xms256m -Xmx512m -Dfile.encoding=windows-1252 -Duser.country=IN -Duser.language=en -Duser.variant 
java_command: org.gradle.launcher.daemon.bootstrap.GradleDaemon 6.9
java_class_path (initial): C:\Users\Satyajeet\.gradle\wrapper\dists\gradle-6.9-all\dooywd8nv05k16orzxge2b1bs\gradle-6.9\lib\gradle-launcher-6.9.jar
Launcher Type: SUN_STANDARD

Environment Variables:
JAVA_HOME=C:\Program Files\Java\jdk1.8.0_271
JRE_HOME=C:\Program Files\Java\jre1.8.0_271
CLASSPATH=H:\React-expo\realmApp\android\\gradle\wrapper\gradle-wrapper.jar
PATH=H:\React-expo\realmApp\android\node_modules\.bin;H:\React-expo\realmApp\node_modules\.bin;H:\React-expo\node_modules\.bin;H:\node_modules\.bin;C:\Program Files\nodejs;H:\React-expo\realmApp\node_modules\.bin;H:\React-expo\node_modules\.bin;H:\node_modules\.bin;C:\Users\Satyajeet\AppData\Roaming\npm\node_modules\npm\node_modules\@npmcli\run-script\lib\node-gyp-bin;C:\Program Files (x86)\Common Files\Oracle\Java\javapath;C:\WINDOWS\system32;C:\WINDOWS;C:\WINDOWS\System32\Wbem;C:\WINDOWS\System32\WindowsPowerShell\v1.0\;C:\WINDOWS\System32\OpenSSH\;C:\Program Files\Git\cmd;C:\Program Files\nodejs\;C:\Program Files\Java\jdk1.8.0_271;H:\Android Studio\jre;C:\Program Files\Java\jdk1.8.0_271\bin;D:\android-sdk_r22.3-windows1\android-sdk-windows;D:\android-sdk_r22.3-windows1\android-sdk-windows\platform-tools;C:\Program Files\dotnet\;C:\Users\Satyajeet\AppData\Local\Microsoft\WindowsApps;C:\Users\Satyajeet\AppData\Roaming\npm;D:\android-sdk_r22.3-windows1\android-sdk-windows\platform-tools;C:\Users\Satyajeet\AppData\Local\Programs\Microsoft VS Code\bin;;H:\React-expo\realmApp\node_modules\.bin
USERNAME=Satyajeet
OS=Windows_NT
PROCESSOR_IDENTIFIER=Intel64 Family 6 Model 142 Stepping 10, GenuineIntel



---------------  S Y S T E M  ---------------

OS: Windows 10.0 , 64 bit Build 22000 (10.0.22000.120)

CPU:total 4 (initial active 4) (2 cores per cpu, 2 threads per core) family 6 model 142 stepping 10, cmov, cx8, fxsr, mmx, sse, sse2, sse3, ssse3, sse4.1, sse4.2, popcnt, avx, avx2, aes, clmul, erms, 3dnowpref, lzcnt, ht, tsc, tscinvbit, bmi1, bmi2, adx

Memory: 4k page, physical 12413604k(1128460k free), swap 20176824k(3382412k free)

vm_info: Java HotSpot(TM) 64-Bit Server VM (25.271-b09) for windows-amd64 JRE (1.8.0_271-b09), built on Sep 16 2020 19:14:59 by "" with MS VC++ 15.9 (VS2017)

time: Sun Sep 19 20:52:10 2021
timezone: India Standard Time
elapsed time: 524.624483 seconds (0d 0h 8m 44s)

